Fájlonkénti statisztika (C, S, D, I, WER%)
Fridericus-Fridericus_cardinalis-Fridericus-PL                                        40      60       9       5   67.89
Fridericus-Hradec_Holoubek-Fridericus-CS                                              74      32       3       4   35.78
Fridericus-Hradec_MBK-Fridericus-CS                                                   69      33       7       3   39.45
Fridericus-Hradec_Rabai-Fridericus-HU                                                 72      32       5       6   39.45
Fridericus-Litterae_ex_Slovacia-Fridericus-SK                                         83      22       4       7   30.28
Fridericus-record20170228204821[1]-Fridericus-LT                                      56      52       1      18   65.14
Fridericus-record20170228205015[1]-Fridericus-LT                                      52      56       1      12   63.30
Nicolaus-Hradec_Holoubek-Nicolaus-CS                                                  96      14       0       5   17.27
Nicolaus-Hradec_MBK-Nicolaus-CS                                                      100      10       0       3   11.82
Nicolaus-Hradec_Rabai-Nicolaus-HU                                                     91      17       2       7   23.64
Nicolaus-Litterae_ex_Slovacia-Nicolaus-SK                                            103       7       0       4   10.00
Nicolaus-Nicolaus_de_Zech-Nicolaus-PL                                                 79      27       4       5   32.73
Nicolaus-record20170228210031[1]-Nicolaus-LT                                          87      23       0       7   27.27
Nicolaus-record20170228211427[1]-Nicolaus-LT                                          91      19       0       9   25.45
Wencezlaus-Hradec_Holoubek-Wencezlaus-CS                                             126      24       2       8   22.37
Wencezlaus-Hradec_MBK-Wencezlaus-CS                                                  125      24       3       5   21.05
Wencezlaus-Hradec_Rabai-Wencezlaus-HU                                                108      42       2      12   36.84
Wencezlaus-Litterae_ex_Slovacia-Wencezlaus-SK                                        128      22       2       5   19.08
Wencezlaus-Wenzeslaus-Wencezlaus-PL                                                   87      59       6      20   55.92
Wencezlaus-record20170228211228[1]-Wencezlaus-LT                                      94      54       4      19   50.66
Wencezlaus-record20170228212003[1]-Wencezlaus-LT                                      91      58       3      14   49.34

Kategóriánkénti statisztika (C, S, D, I, WER%)
Fridericus                                                                           446     287      30      55   48.75
Nicolaus                                                                             647     117       6      40   21.17
Wencezlaus                                                                           759     283      22      83   36.47

Összesített statisztika (C, S, D, I, WER%)
összes                                                                              1852     687      58     178   35.54

