Fájlonkénti statisztika (C, S, D, I, WER%)
Fridericus-Fridericus_cardinalis-Fridericus-PL                                        25      40      44       0   77.06
Fridericus-Hradec_Holoubek-Fridericus-CS                                              73      35       1      10   42.20
Fridericus-Hradec_MBK-Fridericus-CS                                                   62      43       4      10   52.29
Fridericus-Hradec_Rabai-Fridericus-HU                                                 74      30       5       3   34.86
Fridericus-Litterae_ex_Slovacia-Fridericus-SK                                         74      32       3      11   42.20
Fridericus-record20170228204821[1]-Fridericus-LT                                      48      61       0      20   74.31
Fridericus-record20170228205015[1]-Fridericus-LT                                      37      68       4       9   74.31
Nicolaus-Hradec_Holoubek-Nicolaus-CS                                                  92      17       1       8   23.64
Nicolaus-Hradec_MBK-Nicolaus-CS                                                       96      13       1       3   15.45
Nicolaus-Hradec_Rabai-Nicolaus-HU                                                     93      17       0       2   17.27
Nicolaus-Litterae_ex_Slovacia-Nicolaus-SK                                             96      12       2       6   18.18
Nicolaus-Nicolaus_de_Zech-Nicolaus-PL                                                 28      61      21       0   74.55
Nicolaus-record20170228210031[1]-Nicolaus-LT                                          74      35       1      11   42.73
Nicolaus-record20170228211427[1]-Nicolaus-LT                                          80      30       0      11   37.27
Wencezlaus-Hradec_Holoubek-Wencezlaus-CS                                             118      31       3      15   32.24
Wencezlaus-Hradec_MBK-Wencezlaus-CS                                                  111      37       4      14   36.18
Wencezlaus-Hradec_Rabai-Wencezlaus-HU                                                114      38       0      11   32.24
Wencezlaus-Litterae_ex_Slovacia-Wencezlaus-SK                                        119      29       4       8   26.97
Wencezlaus-Wenzeslaus-Wencezlaus-PL                                                   33      86      33       2   79.61
Wencezlaus-record20170228211228[1]-Wencezlaus-LT                                      67      83       2      18   67.76
Wencezlaus-record20170228212003[1]-Wencezlaus-LT                                      61      89       2      18   71.71

Kategóriánkénti statisztika (C, S, D, I, WER%)
Fridericus                                                                           393     309      61      63   56.75
Nicolaus                                                                             559     185      26      41   32.73
Wencezlaus                                                                           623     393      48      86   49.53

Összesített statisztika (C, S, D, I, WER%)
összes                                                                              1575     887     135     190   46.67

